<?xml version="1.0" encoding="UTF-8"?>
<!-- Generated by org.testng.reporters.JUnitReportReporter -->
<testsuite skipped="0" hostname="austcao0229.local" name="creditcards.test.automation.cccomUI.tests.HomeTest" tests="1" failures="0" timestamp="09 Sep 2017 15:07:05 GMT" time="44.030" errors="0">
  <testcase name="verifyHomePage" time="44.030" classname="creditcards.test.automation.cccomUI.tests.HomeTest"/>
</testsuite> <!-- creditcards.test.automation.cccomUI.tests.HomeTest -->
