<?xml version="1.0" encoding="UTF-8"?>
<!-- Generated by org.testng.reporters.JUnitReportReporter -->
<testsuite skipped="1" hostname="austcao0229.local" name="creditcards.test.automation.cccomUI.tests.ZeroInterestTest" tests="5" failures="0" timestamp="09 Sep 2017 15:07:05 GMT" time="15.393" errors="0">
  <testcase name="verifyZeroInterestPage" time="4.268" classname="creditcards.test.automation.cccomUI.tests.ZeroInterestTest"/>
  <testcase name="verifyZeroInterestPage" time="5.210" classname="creditcards.test.automation.cccomUI.tests.ZeroInterestTest"/>
  <testcase name="verifyZeroInterestPage" time="4.124" classname="creditcards.test.automation.cccomUI.tests.ZeroInterestTest"/>
  <testcase name="verifyZeroInterestPage" time="0.942" classname="creditcards.test.automation.cccomUI.tests.ZeroInterestTest">
    <skipped/>
  </testcase> <!-- verifyZeroInterestPage -->
  <testcase name="verifyWeAreOnCorrectPage" time="0.849" classname="creditcards.test.automation.cccomUI.tests.ZeroInterestTest"/>
</testsuite> <!-- creditcards.test.automation.cccomUI.tests.ZeroInterestTest -->
